<?xml version="1.0" encoding="UTF-8"?>
<Site BuildName="(empty)"
	BuildStamp="20240905-1413-Experimental"
	Name="ubuntu"
	Generator="ctest-3.22.1"
	CompilerName="/usr/bin/c++"
	CompilerVersion="11.4.0"
	OSName="Linux"
	Hostname="ubuntu"
	OSRelease="5.15.0-119-generic"
	OSVersion="#129-Ubuntu SMP Fri Aug 2 20:37:01 UTC 2024"
	OSPlatform="aarch64"
	Is64Bits="1"
	VendorString=""
	VendorID="Unknown Manufacturer"
	FamilyID="8"
	ModelID="0"
	ProcessorCacheSize="0"
	NumberOfLogicalCPU="4"
	NumberOfPhysicalCPU="1"
	TotalVirtualMemory="3909"
	TotalPhysicalMemory="3911"
	LogicalProcessorsPerPhysical="4"
	ProcessorClockFrequency="0"
	>
	<Testing>
		<StartDateTime>Sep 05 15:13 UTC</StartDateTime>
		<StartTestTime>1725549227</StartTestTime>
		<TestList/>
		<EndDateTime>Sep 05 15:13 UTC</EndDateTime>
		<EndTestTime>1725549227</EndTestTime>
		<ElapsedMinutes>0</ElapsedMinutes>
	</Testing>
</Site>
