<?xml version="1.0" encoding="UTF-8"?>
<Site BuildName="(empty)"
	BuildStamp="20240901-0738-Experimental"
	Name="ubuntu"
	Generator="ctest-3.22.1"
	CompilerName="/usr/bin/c++"
	CompilerVersion="11.4.0"
	OSName="Linux"
	Hostname="ubuntu"
	OSRelease="5.15.0-118-generic"
	OSVersion="#128-Ubuntu SMP Fri Jul 5 09:30:28 UTC 2024"
	OSPlatform="aarch64"
	Is64Bits="1"
	VendorString=""
	VendorID="Unknown Manufacturer"
	FamilyID="8"
	ModelID="0"
	ProcessorCacheSize="0"
	NumberOfLogicalCPU="4"
	NumberOfPhysicalCPU="1"
	TotalVirtualMemory="3909"
	TotalPhysicalMemory="3911"
	LogicalProcessorsPerPhysical="4"
	ProcessorClockFrequency="0"
	>
	<Testing>
		<StartDateTime>Sep 01 08:33 UTC</StartDateTime>
		<StartTestTime>1725179594</StartTestTime>
		<TestList/>
		<EndDateTime>Sep 01 08:33 UTC</EndDateTime>
		<EndTestTime>1725179594</EndTestTime>
		<ElapsedMinutes>0</ElapsedMinutes>
	</Testing>
</Site>
